Using Robs New Ones .....
Ident: 153l-0     0   561.0     4.8 121 186
Ident: 1aak-0     1  1533.0    12.8 121 151
Ident: 1aalA0     2   361.0     6.2 121 59
Ident: 1aapA0     3   196.0     3.5 121 57
Ident: 1aba-0     4   780.0     9.0 121 88
Ident: 1abk-0     5   389.0     3.3 121 212
Ident: 1aboA0     6   202.0     3.5 121 59
Ident: 1acf-0     7  1274.0    11.3 121 126
Ident: 1add-0     8  -205.0    -1.7 121 350
Ident: 1adeA0     9  -894.0    -7.4 121 432
Ident: 1admA0    10  -802.0    -6.7 121 416
Ident: 1ads-0    11   262.0     2.2 121 316
Ident: 1aep-0    12   535.0     4.5 121 154
Ident: 1afa10    13   825.0     6.9 121 155
Ident: 1agi-0    14  1001.0     8.3 121 126
Ident: 1ahc-0    15   606.0     5.1 121 247
Ident: 1ahtL0    16  -475.0   -17.0 121 29
Ident: 1ak3A0    17   978.0     8.1 121 215
Ident: 1akl-0    18 -1386.0   -11.6 121 471
Ident: 1alkA0    19  -955.0    -8.0 121 450
Ident: 1als-0    20   959.0     8.0 121 173
Ident: 1amb-0    21 -1025.0   -36.6 121 29
Ident: 1amg-0    22  -911.0    -7.6 121 418
Ident: 1amp-0    23   159.0     1.3 121 292
Ident: 1aorA0    24 -2470.0   -20.6 121 606
Ident: 1aphA0    25  -628.0   -29.9 121 22
Ident: 1aphB0    26  -483.0   -16.1 121 31
Ident: 1apk-0    27  1191.0    10.4 121 119
Ident: 1aplC0    28   131.0     2.2 121 60
Ident: 1apmE0    29  -214.0    -1.8 121 342
Ident: 1apmI0    30  -813.0   -40.7 121 21
Ident: 1apt-0    31    50.0     0.4 121 326
Ident: 1arb-0    32   499.0     4.2 121 264
Ident: 1arp-0    33  -218.0    -1.8 121 337
Ident: 1ash-0    34   840.0     7.0 121 148
Ident: 1asoA0    35 -1849.0   -15.4 121 553
Ident: 1asu-0    36  1079.0     9.0 121 163
Ident: 1ata-0    37   476.0     7.7 121 63
Ident: 1axn-0    38  -398.0    -3.3 121 324
Ident: 1ayaA0    39  1133.0    11.4 121 102
Ident: 1ayh-0    40  1007.0     8.4 121 215
Ident: 1babA0    41   788.0     6.6 121 143
Ident: 1bac-0    42    23.0     0.2 121 170
Ident: 1bam-0    43   552.0     4.6 121 201
Ident: 1bba-0    44  -310.0    -8.6 121 37
Ident: 1bbhA0    45   908.0     7.6 121 132
Ident: 1bbl-0    46  -214.0    -5.8 121 38
Ident: 1bbpA0    47  1554.0    12.9 121 174
Ident: 1bbt10    48   910.0     7.6 121 187
Ident: 1bbt20    49   899.0     7.5 121 211
Ident: 1bbt40    50  -458.0   -10.2 121 47
Ident: 1bco-0    51    38.0     0.3 121 296
Ident: 1bcx-0    52  1173.0     9.8 121 186
Ident: 1bdmA0    53   291.0     2.4 121 318
Ident: 1bet-0    54   984.0     9.6 121 108
Ident: 1bfg-0    55  1287.0    11.4 121 127
Ident: 1bgc-0    56   676.0     5.6 121 159
Ident: 1bgh-0    57   551.0     6.5 121 86
Ident: 1bhp-0    58  -313.0    -7.0 121 46
Ident: 1bi6H0    59  -260.0    -6.3 121 42
Ident: 1bia-0    60    24.0     0.2 121 293
Ident: 1bmtA0    61   -19.0    -0.2 121 247
Ident: 1bmv10    62  1012.0     8.4 121 186
Ident: 1bncA0    63  -853.0    -7.2 121 434
Ident: 1bnh-0    64 -1298.0   -10.8 121 457
Ident: 1bomA0    65  -824.0   -41.2 121 21
Ident: 1bomB0    66  -634.0   -22.6 121 29
Ident: 1bovA0    67   339.0     4.9 121 70
Ident: 1bpb-0    68   710.0     5.9 121 243
Ident: 1bpk-0    69  1209.0    10.7 121 120
Ident: 1brnL0    70   743.0     7.5 121 109
Ident: 1bsrA0    71  1130.0     9.6 121 125
Ident: 1btc-0    72 -1429.0   -11.9 121 492
Ident: 1btdA0    73  -191.0    -5.8 121 34
Ident: 1btn-0    74   875.0     8.3 121 107
Ident: 1btq-0    75  -834.0   -41.7 121 21
Ident: 1bts-0    76  -811.0   -38.6 121 22
Ident: 1bvp10    77  -193.0    -1.6 121 350
Ident: 1cagB0    78  -278.0    -9.3 121 31
Ident: 1caj-0    79   908.0     7.6 121 259
Ident: 1cauB0    80  1530.0    12.8 121 185
Ident: 1cbg-0    81 -1449.0   -12.1 121 491
Ident: 1cbn-0    82  -301.0    -6.3 121 49
Ident: 1cc5-0    83   375.0     4.5 121 84
Ident: 1cco-0    84  -483.0   -17.9 121 28
Ident: 1cd8-0    85  1510.0    13.7 121 115
Ident: 1cdaA0    86  1189.0     9.9 121 147
Ident: 1cdcB0    87   601.0     6.3 121 97
Ident: 1cdg-0    88 -3395.0   -28.3 121 687
Ident: 1cdlG0    89  -821.0   -41.0 121 21
Ident: 1celA0    90  -873.0    -7.3 121 435
Ident: 1ceo-0    91  -298.0    -2.5 121 333
Ident: 1cewI0    92   561.0     5.2 121 109
Ident: 