
STAMP Structural Alignment of Multiple Proteins
 by Robert B. Russell & Geoffrey J. Barton 
 Please cite PROTEINS, v14, 309-323, 1992


    Sc = STAMP score, RMS = RMS deviation, Align = alignment length
    Len1, Len2 = length of domain, Nfit = residues fitted
    Secs = no. equivalent sec. strucs. Eq = no. equivalent residues
    %I = seq. identity, %S = sec. str. identity
    P(m)  = P value (p=1/10) calculated after Murzin (1993), JMB, 230, 689-694
            (NC = P value not calculated - potential FP overflow)

     No.  Domain1         Domain2         Sc     RMS    Len1 Len2  Align NFit Eq. Secs.   %I   %S   P(m)
Pair   1  2fb4lv          2fb4l_1         9.71   0.00    111  110   110  110 110    0 100.00 100.00 0.00e+00 
Pair   2  2fb4lv          1mcplv_1        7.32   1.17    111  111   116   96  95    0  49.47 100.00 2.05e-22 
Pair   3  2fb4lv          1mcphv_1        6.07   1.52    111  121   126   85  81    0  30.86 100.00 1.44e-07 
Pair   4  2fb4lv          3cd4_1          5.75   1.17    111   95   109   75  74    0  20.27 100.00 8.19e-03 
Pair   5  2fb4lv          3dpa_1          3.82   2.08    111  115   131   59  57    0  10.53 100.00 1.00e+00 
Pair   6  2fb4lv          2fb4lc_1        3.77   1.90    111   95   122   57  48    0  12.50 100.00 1.00e+00 
Pair   7  2fb4lv          1acx_1          3.38   2.54    111  106   130   59  45    0  11.11 100.00 1.00e+00 
Pair   8  2fb4lv          2azaa_3         3.27   2.46    111  118   134   52  40    0  15.00 100.00 1.07e-01 
Pair   9  2fb4lv          2pcy_1          3.40   2.12    111   88   122   49  43    0  30.23 100.00 1.55e-04 
Pair  10  2fb4lv          2sodo_2         2.44   2.39    111  137   155   43  32    0   9.38 100.00 1.00e+00 
Pair  11  2fb4l_1         1mcplv_1        7.39   1.17    110  111   116   96  95    0  49.47 100.00 2.05e-22 
Pair  12  2fb4l_1         1mcphv_1        6.10   1.51    110  121   125   84  81    0  30.86 100.00 1.44e-07 
Pair  13  2fb4l_1         3cd4_1          5.80   1.17    110   95   109   75  74    0  20.27 100.00 8.19e-03 
Pair  14  2fb4l_1         3dpa_1          3.85   2.08    110  115   131   59  57    0  10.53 100.00 1.00e+00 
Pair  15  2fb4l_1         2fb4lc_1        3.80   1.90    110   95   122   57  48    0  12.50 100.00 1.00e+00 
Pair  16  2fb4l_1         1acx_1          3.41   2.54    110  106   130   59  45    0  11.11 100.00 1.00e+00 
Pair  17  2fb4l_1         2azaa_3         3.30   2.46    110  118   134   52  40    0  15.00 100.00 1.07e-01 
Pair  18  2fb4l_1         2pcy_1          3.43   2.12    110   88   122   49  43    0  30.23 100.00 1.55e-04 
Pair  19  2fb4l_1         2sodo_2         2.47   2.39    110  137   155   43  32    0   9.38 100.00 1.00e+00 
Pair  20  1mcplv_1        1mcphv_1        6.22   1.30    111  121   127   90  90    0  27.78 100.00 1.23e-06 
Pair  21  1mcplv_1        3cd4_1          5.60   1.31    111   95   112   76  71    0  23.94 100.00 3.50e-04 
Pair  22  1mcplv_1        3dpa_1          3.85   1.87    111  115   137   60  58    0   6.90 100.00 1.00e+00 
Pair  23  1mcplv_1        2fb4lc_1        3.87   1.89    111   95   124   56  53    0   5.66 100.00 1.00e+00 
Pair  24  1mcplv_1        1acx_1          3.32   2.19    111  106   133   54  40    0  15.00 100.00 1.07e-01 
Pair  25  1mcplv_1        2azaa_3         3.22   2.63    111  118   135   52  38    0  21.05 100.00 2.07e-02 
Pair  26  1mcplv_1        2pcy_1          3.62   2.20    111   88   123   52  45    0  22.22 100.00 2.00e-02 
Pair  27  1mcplv_1        2sodo_2         2.50   2.26    111  137   158   46  36    0   5.56 100.00 1.00e+00 
Pair  28  1mcphv_1        3cd4_1          5.81   1.54    121   95   115   81  77    0  22.08 100.00 8.82e-04 
Pair  29  1mcphv_1        3dpa_1          3.38   2.03    121  115   145   59  54    0   3.70 100.00 1.00e+00 
Pair  30  1mcphv_1        2fb4lc_1        3.57   2.07    121   95   130   58  51    0   5.88 100.00 1.00e+00 
Pair  31  1mcphv_1        1acx_1          3.33   2.11    121  106   139   56  47    0  12.77 100.00 1.00e+00 
Pair  32  1mcphv_1        2azaa_3         3.02   2.41    121  118   140   48  34    0  14.71 100.00 1.00e+00 
Pair  33  1mcphv_1        2pcy_1          3.07   2.05    121   88   133   47  43    0  27.91 100.00 5.85e-04 
Pair  34  1mcphv_1        2sodo_2         2.50   2.23    121  137   165   49  39    0   2.56 100.00 1.00e+00 
Pair  35  3cd4_1          3dpa_1          3.20   1.85     95  115   126   48  42    0   4.76 100.00 1.00e+00 
Pair  36  3cd4_1          2fb4lc_1        3.75   2.10     95   95   109   54  48    0   6.25 100.00 1.00e+00 
Pair  37  3cd4_1          1acx_1          2.86   2.36     95  106   120   43  30    0  16.67 100.00 1.00e+00 
Pair  38  3cd4_1          2azaa_3         2.78   2.20     95  118   120   39  34    0  14.71 100.00 1.00e+00 
Pair  39  3cd4_1          2pcy_1          3.21   2.09     95   88   109   44  36    0   8.33 100.00 1.00e+00 
Pair  40  3cd4_1          2sodo_2         2.45   2.28     95  137   147   39  29    0  10.34 100.00 1.00e+00 
Pair  41  3dpa_1          2fb4lc_1        4.12   1.86    115   95   123   57  46    0   8.70 100.00 1.00e+00 
Pair  42  3dpa_1          1acx_1          3.38   1.82    115  106   136   52  51    0   7.84 100.00 1.00e+00 
Pair  43  3dpa_1          2azaa_3         3.79   2.09    115  118   140   64  57    0  17.54 100.00 3.05e-02 
Pair  44  3dpa_1          2pcy_1          3.63   1.91    115   88   125   54  51    0   3.92 100.00 1.00e+00 
Pair  45  3dpa_1          2sodo_2         2.62   2.18    115  137   164   48  40    0  10.00 100.00 1.00e+00 
Pair  46  2fb4lc_1        1acx_1          4.05   2.51     95  106   116   61  51    0  11.76 100.00 1.00e+00 
Pair  47  2fb4lc_1        2azaa_3         3.24   2.31     95  118   127   49  45    0   6.67 100.00 1.00e+00 
Pair  48  2fb4lc_1        2pcy_1          3.46   2.37     95   88   109   46  39    0  12.82 100.00 1.00e+00 
Pair  49  2fb4lc_1        2sodo_2         2.89   2.15     95  137   145   41  33    0  12.12 100.00 1.00e+00 
Pair  50  1acx_1          2azaa_3         2.52   2.35    106  118   136   37  32    0  15.62 100.00 1.17e-01 
Pair  51  1acx_1          2pcy_1          3.59   2.33    106   88   117   51  48    0  14.58 100.00 9.79e-02 
Pair  52  1acx_1          2sodo_2         3.20   1.83    106  137   157   60  56    0  14.29 100.00 9.04e-02 
Pair  53  2azaa_3         2pcy_1          3.95   2.14    118   88   124   61  54    0  20.37 100.00 1.03e-02 
Pair  54  2azaa_3         2sodo_2         2.58   2.26    118  137   166   48  39    0  10.26 100.00 1.00e+00 
Pair  55  2pcy_1          2sodo_2         2.42   2.17     88  137   147   39  28    0   7.14 100.00 1.00e+00 
Reading in matrix file ig_like.mat...
Doing cluster analysis...
Cluster:  1 (  2fb4lv  &  2fb4l_1 ) Sc  9.70 RMS   0.00 Len 110 nfit 110 
 See file ig_like.1 for the alignment and transformations
Cluster:  2 (1mcplv_1  &   2fb4lv  2fb4l_1 ) Sc  8.29 RMS   1.17 Len 116 nfit  96 
 See file ig_like.2 for the alignment and transformations
Cluster:  3 (1mcphv_1  & 1mcplv_1   2fb4lv  2fb4l_1 ) Sc  7.42 RMS   1.70 Len 132 nfit  92 
 See file ig_like.3 for the alignment and transformations
Cluster:  4 (  3cd4_1  & 1mcphv_1 1mcplv_1   2fb4lv  2fb4l_1 ) Sc  6.49 RMS   1.28 Len 125 nfit  80 
 See file ig_like.4 for the alignment and transformations
Cluster:  5 (  3dpa_1  & 2fb4lc_1 ) Sc  4.11 RMS   1.86 Len 123 nfit  57 
 See file ig_like.5 for the alignment and transformations
Cluster:  6 (  1acx_1  &   3dpa_1 2fb4lc_1 ) Sc  5.30 RMS   2.34 Len 145 nfit  69 
 See file ig_like.6 for the alignment and transformations
Cluster:  7 ( 2azaa_3  &   2pcy_1 ) Sc  3.79 RMS   2.08 Len 125 nfit  59 
 See file ig_like.7 for the alignment and transformations
Cluster:  8 (  3cd4_1 1mcphv_1 1mcplv_1   2fb4lv  2fb4l_1  &   1acx_1   3dpa_1 2fb4lc_1 ) Sc  4.79 RMS   2.30 Len 181 nfit  64 
 See file ig_like.8 for the alignment and transformations
Cluster:  9 (  3cd4_1 1mcphv_1 1mcplv_1   2fb4lv  2fb4l_1   1acx_1   3dpa_1 2fb4lc_1  &  2azaa_3   2pcy_1 ) Sc  4.03 RMS   2.63 Len 207 nfit  52 
 See file ig_like.9 for the alignment and transformations
Cluster: 10 ( 2sodo_2  &   3cd4_1 1mcphv_1 1mcplv_1   2fb4lv  2fb4l_1   1acx_1   3dpa_1 2fb4lc_1  2azaa_3   2pcy_1 ) Sc  3.40 RMS   2.85 Len 248 nfit  54 
 See file ig_like.10 for the alignment and transformations
